[2023-01-18T10:34:55.595Z] /products - GET
[2023-01-18T10:37:16.719Z] /products - POST
[2023-01-18T10:37:33.045Z] /products - POST
[2023-01-18T10:37:52.674Z] /products - POST
[2023-01-18T10:40:12.106Z] /products - POST
[2023-01-18T10:40:45.998Z] /products - POST
[2023-01-18T10:41:03.424Z] /products - POST
[2023-01-18T10:41:12.755Z] /products - POST
[2023-01-18T10:41:34.794Z] /products - GET
[2023-01-18T10:44:00.539Z] /products?cost=200&_k=cost&_o=asc
[2023-01-18T17:31:36.838Z] /products - GET
[2023-01-18T17:31:48.120Z] /products - GET
[2023-01-18T17:54:34.909Z] /products - GET
[2023-01-18T17:56:56.604Z] /products - GET
[2023-01-19T10:30:53.830Z] /products - GET
[2023-01-19T11:30:11.029Z] /products - GET
[2023-01-19T11:30:55.573Z] /products - GET
[2023-01-19T11:30:56.188Z] /products - GET
[2023-01-19T11:30:56.338Z] /products - GET
[2023-01-19T11:31:15.604Z] /products - POST
[2023-01-19T17:11:34.377Z] /products - GET
[2023-01-19T17:12:05.990Z] /products - GET
[2023-01-19T17:12:13.984Z] /products - GET
[2023-01-19T17:12:16.073Z] /products - GET
[2023-01-19T17:20:40.866Z] /products - GET
[2023-01-19T17:23:40.178Z] /products - GET
[2023-01-19T17:24:10.521Z] /products/ca3efa9d-41fc-4d20-95c7-14c85a0892a2 - DELETE
[2023-01-19T17:24:17.594Z] /products/ - GET
[2023-01-19T17:24:43.476Z] /products/ab4414e9-9095-49bb-82bb-6eb0e8778e9a - DELETE
[2023-01-19T17:24:48.031Z] /products/ - GET
[2023-01-19T17:39:33.047Z] /products/ - GET
[2023-01-19T17:41:14.707Z] /products/50c60ebf-4842-44f1-a732-bd4323c9c310 - PUT
[2023-01-19T17:41:29.226Z] /products/50c60ebf-4842-44f1-a732-bd4323c9c310 - PUT
[2023-01-19T17:41:38.600Z] /products/ - GET
[2023-01-19T17:46:01.016Z] /products/ - GET
[2023-01-19T17:51:29.460Z] /products/ - GET
[2023-01-19T17:53:20.880Z] /products/ - GET
[2023-01-19T17:53:30.645Z] /products/ - GET
[2023-01-19T17:54:43.312Z] /products - POST
[2023-01-19T17:54:48.017Z] /products/ - GET
[2023-01-19T17:55:08.365Z] /products/?_k=cost&_o=asc - GET
[2023-01-19T17:55:12.100Z] /products/?_k=cost&_o=dsc - GET
[2023-01-19T17:56:48.209Z] /products/50c60ebf-4842-44f1-a732-bd4323c9c310 - DELETE
[2023-01-19T17:56:55.980Z] /products/ - GET
[2023-01-19T17:57:11.167Z] /products/50c60ebf-4842-44f1-a732-bd4323c9c310 - GET
[2023-01-19T17:57:16.176Z] /products/ - GET
[2023-01-19T17:57:23.014Z] /products/6ce0ac69-1b37-4e22-b3fe-0eb5d1dd042c - GET
[2023-01-19T17:58:13.157Z] /products/6ce0ac69-1b37-4e22-b3fe-0eb5d1dd042c - PUT
[2023-01-19T17:58:20.991Z] /products/6ce0ac69-1b37-4e22-b3fe-0eb5d1dd042c - GET
[2023-01-19T17:59:04.826Z] /products/6ce0ac69-1b37-4e22-b3fe-0eb5d1dd042c - PUT
