[2023-01-18T09:42:59.734Z] /users - GET
[2023-01-18T09:43:22.739Z] /users/5 - GET
[2023-01-18T09:44:16.901Z] /users/5 - GET
[2023-01-18T09:45:16.463Z] /users - POST
[2023-01-18T09:45:19.963Z] /users/ - GET
[2023-01-18T09:45:33.940Z] /users/9fd1f896-7f1e-4166-b1a8-73dbc4f3a0a5 - GET
[2023-01-18T09:46:02.000Z] /users/9fd1f896-7f1e-4166-b1a8-73dbc4f3a0a5 - GET
[2023-01-18T09:46:24.036Z] /users/5 - GET
[2023-01-18T09:46:28.837Z] /users/9fd1f896-7f1e-4166-b1a8-73dbc4f3a0a5 - GET
[2023-01-18T09:47:26.473Z] /users/9fd1f896-7f1e-4166-b1a8-73dbc4f3a0a5 - DELETE
[2023-01-18T09:56:49.536Z] /users - GET
[2023-01-18T09:56:53.465Z] /users/9fd1f896-7f1e-4166-b1a8-73dbc4f3a0a5 - GET
[2023-01-18T09:57:49.265Z] /users/9fd1f896-7f1e-4166-b1a8-73dbc4f3a0a5 - GET
[2023-01-18T09:58:31.335Z] /users/9fd1f896-7f1e-4166-b1a8-73dbc4f3a0a5 - GET
[2023-01-18T09:58:56.460Z] /users/9fd1f896-7f1e-4166-b1a8-73dbc4f3a0a5 - GET
[2023-01-18T10:00:11.355Z] /users/9fd1f896-7f1e-4166-b1a8-73dbc4f3a0a5 - GET
[2023-01-18T10:00:51.127Z] /users/9fd1f896-7f1e-4166-b1a8-73dbc4f3a0a5 - GET
[2023-01-18T10:01:18.217Z] /users - GET
[2023-01-18T10:01:29.425Z] /users/9fd1f896-7f1e-4166-b1a8-73dbc4f3a0a5 - GET
[2023-01-18T10:01:32.382Z] /users - GET
[2023-01-18T10:01:44.797Z] /users/e6d20486-5921-463f-8a0f-d04f0d2873ac - GET
[2023-01-18T10:20:56.439Z] /users - POST
[2023-01-18T10:21:01.210Z] /users - POST
[2023-01-18T10:21:04.465Z] /users - GET
[2023-01-18T10:21:23.274Z] /users/70da6b34-9d3c-4bd7-92f4-ad8eb40957dd - GET
[2023-01-18T10:29:01.057Z] /users/e6d20486-5921-463f-8a0f-d04f0d2873ac?_k=name&_o=asc - GET
[2023-01-18T10:31:49.193Z] /users/?age=20 - GET
[2023-01-18T10:31:53.310Z] /users/ - GET
[2023-01-18T17:30:55.366Z] /users - GET
[2023-01-18T17:35:54.057Z] /users - GET
[2023-01-18T17:50:52.536Z] /users - GET
[2023-01-18T17:51:44.964Z] /users - POST
[2023-01-18T17:52:26.826Z] /users/70da6b34-9d3c-4bd7-92f4-ad8eb40957dd - GET
[2023-01-18T17:52:55.186Z] /users/70da6b34-9d3c-4bd7-92f4-ad8eb40957dd - PUT
[2023-01-18T17:53:29.252Z] /users/b8a7a4bd-1ac2-404d-9060-ce4c824e7e82 - PUT
[2023-01-18T17:53:48.474Z] /users/b8a7a4bd-1ac2-404d-9060-ce4c824e7e82 - DELETE
[2023-01-18T17:53:57.506Z] /users - GET
[2023-01-18T17:55:21.528Z] /users - GET
[2023-01-18T17:55:31.595Z] /users/9fd1f896-7f1e-4166-b1a8-73dbc4f3a0a5 - DELETE
[2023-01-18T18:11:20.568Z] /users - GET
[2023-01-18T18:11:35.312Z] /users/e6d20486-5921-463f-8a0f-d04f0d2873ac - PUT
[2023-01-18T18:11:59.476Z] /users/e6d20486-5921-463f-8a0f-d04f0d2873ac - PUT
[2023-01-18T18:12:12.084Z] /users/e6d20486-5921-463f-8a0f-d04f0d2873ac - PUT
[2023-01-18T18:13:07.909Z] /users/e6d20486-5921-463f-8a0f-d04f0d2873ac - PUT
[2023-01-18T18:14:13.906Z] /users/e6d20486-5921-463f-8a0f-d04f0d2873ac - PUT
[2023-01-18T18:14:39.797Z] /users/e6d20486-5921-463f-8a0f-d04f0d2873ac - PUT
[2023-01-18T18:17:52.371Z] /users/e6d20486-5921-463f-8a0f-d04f0d2873ac - PUT
[2023-01-18T18:18:59.856Z] /users/e6d20486-5921-463f-8a0f-d04f0d2873ac - PUT
[2023-01-18T18:21:15.629Z] /users/e6d20486-5921-463f-8a0f-d04f0d2873ac - PUT
[2023-01-18T18:21:39.131Z] /users/e6d20486-5921-463f-8a0f-d04f0d2873ac - PUT
[2023-01-18T18:21:59.713Z] /users/e6d20486-5921-463f-8a0f-d04f0d2873ac - PUT
[2023-01-18T18:24:20.649Z] /users/e6d20486-5921-463f-8a0f-d04f0d2873ac - PUT
[2023-01-18T18:26:44.276Z] /users/e6d20486-5921-463f-8a0f-d04f0d2873ac - PUT
[2023-01-19T10:28:35.095Z] /users - GET
[2023-01-19T10:30:16.613Z] /users - GET
[2023-01-19T10:30:23.471Z] /users/5 - GET
[2023-01-19T10:30:45.389Z] /users/5 - GET
[2023-01-19T10:59:15.791Z] /users/e6d20486-5921-463f-8a0f-d04f0d2873ac - PUT
[2023-01-19T10:59:21.374Z] /users/e6d20486-5921-463f-8a0f-d04f0d2873ac - PUT
[2023-01-19T11:01:04.285Z] /users/e6d20486-5921-463f-8a0f-d04f0d2873ac - PUT
[2023-01-19T11:01:28.902Z] /users/e6d20486-5921-463f-8a0f-d04f0d2873ac - PUT
[2023-01-19T11:01:47.744Z] /users/e6d20486-5921-463f-8a0f-d04f0d2873ac - PUT
[2023-01-19T11:03:16.269Z] /users/e6d20486-5921-463f-8a0f-d04f0d2873ac - PUT
[2023-01-19T11:05:37.011Z] /users/e6d20486-5921-463f-8a0f-d04f0d2873ac - PUT
[2023-01-19T11:06:20.547Z] /users/e6d20486-5921-463f-8a0f-d04f0d2873ac - PUT
[2023-01-19T11:10:55.889Z] /users - POST
[2023-01-19T11:11:02.326Z] /users - GET
[2023-01-19T11:32:25.398Z] /users - GET
[2023-01-19T15:48:06.766Z] /users - GET
[2023-01-19T17:08:34.884Z] /users/e6d20486-5921-463f-8a0f-d04f0d2873ac - PUT
[2023-01-19T17:08:45.577Z] /users/70da6b34-9d3c-4bd7-92f4-ad8eb40957dd - GET
[2023-01-19T17:08:48.901Z] /users/ - GET
[2023-01-19T17:09:08.976Z] /users - GET
[2023-01-19T17:09:33.111Z] /users/29d06501-9140-4922-bb24-03ffae410115 - PUT
[2023-01-19T17:09:38.467Z] /users/ - GET
[2023-01-19T17:10:32.712Z] /users/63c9253fd7cdc71373eaa6d9 - PUT
[2023-01-19T17:10:37.246Z] /users/ - GET
[2023-01-19T17:12:00.177Z] /users/ca3efa9d-41fc-4d20-95c7-14c85a0892a2 - PUT
[2023-01-19T17:19:37.938Z] /users - GET
[2023-01-19T17:22:44.805Z] /users/e6d20486-5921-463f-8a0f-d04f0d2873ac - DELETE
[2023-01-19T17:22:50.840Z] /users/ - GET
[2023-01-19T17:33:52.385Z] /users/70da6b34-9d3c-4bd7-92f4-ad8eb40957dd - POST
[2023-01-19T17:34:02.224Z] /users/ - GET
[2023-01-19T17:36:47.909Z] /users/b30bd376-a212-480d-a97b-2cdc45c4bb75 - POST
[2023-01-19T17:36:51.772Z] /users/ - GET
[2023-01-19T17:37:14.604Z] /users/b30bd376-a212-480d-a97b-2cdc45c4bb75 - POST
[2023-01-19T17:37:17.937Z] /users/ - GET
[2023-01-19T17:37:38.047Z] /users - GET
[2023-01-19T17:37:51.359Z] /users/63c97fca01ddec00fe0ad3f9 - DELETE
[2023-01-19T17:37:56.435Z] /users/ - GET
[2023-01-19T17:38:16.326Z] /users/7d2a1255-c7e3-4dc7-8d79-e197cec5d968 - DELETE
[2023-01-19T17:38:22.715Z] /users/ - GET
[2023-01-19T17:49:12.493Z] /users/ - GET
[2023-01-19T17:53:27.795Z] /users/ca3efa9d-41fc-4d20-95c7-14c85a0892a2 - PUT
[2023-01-19T17:53:46.506Z] /users/ca3efa9d-41fc-4d20-95c7-14c85a0892a2 - PUT
[2023-01-19T17:53:52.346Z] /users/ - GET
[2023-01-19T17:54:10.741Z] /users/70da6b34-9d3c-4bd7-92f4-ad8eb40957dd - PUT
[2023-01-19T17:54:26.490Z] /users/ - GET
[2023-01-19T17:55:33.129Z] /users/ - POST
[2023-01-19T17:55:40.485Z] /users/ - GET
[2023-01-19T17:56:13.397Z] /users/b30bd376-a212-480d-a97b-2cdc45c4bb75 - DELETE
[2023-01-19T17:56:19.022Z] /users/ - GET
[2023-01-19T17:58:39.246Z] /users/70da6b34-9d3c-4bd7-92f4-ad8eb40957dd - PUT
[2023-01-19T17:58:45.087Z] /users/ - GET
[2023-01-19T17:59:10.680Z] /users/ - GET
[2023-01-19T17:59:22.015Z] /users/70da6b34-9d3c-4bd7-92f4-ad8eb40957dd - PUT
[2023-01-19T17:59:26.274Z] /users/ - GET
[2023-01-19T17:59:48.857Z] /users/70da6b34-9d3c-4bd7-92f4-ad8eb40957dd - PUT
[2023-01-19T18:00:54.974Z] /users/70da6b34-9d3c-4bd7-92f4-ad8eb40957dd - PUT
[2023-01-19T18:01:00.579Z] /users/ - GET
[2023-01-19T18:01:54.566Z] /users/70da6b34-9d3c-4bd7-92f4-ad8eb40957dd - PUT
[2023-01-19T18:02:28.936Z] /users/70da6b34-9d3c-4bd7-92f4-ad8eb40957dd - PUT
[2023-01-19T18:02:53.943Z] /users/70da6b34-9d3c-4bd7-92f4-ad8eb40957dd - PUT
[2023-01-19T18:03:06.314Z] /users/70da6b34-9d3c-4bd7-92f4-ad8eb40957dd - PUT
[2023-01-19T18:03:12.430Z] /users/ - GET
[2023-01-19T18:03:32.205Z] /users/70da6b34-9d3c-4bd7-92f4-ad8eb40957dd - PUT
[2023-01-19T18:03:36.377Z] /users/ - GET
